<?xml version="1.0" encoding="UTF-8"?>
<!-- Generated by org.testng.reporters.JUnitXMLReporter -->
<testsuite hostname="VID-PHAMYK-L" ignored="0" name="Test" tests="46" failures="0" timestamp="2020-01-15T10:36:11 ICT" time="88.84" errors="0">
  <testcase name="NC_00_Login" time="6.342" classname="com.bankguru.LogInScript"/>
  <testcase name="NC_01" time="1.401" classname="com.bankguru.LogInScript"/>
  <testcase name="NC_02" time="0.623" classname="com.bankguru.LogInScript"/>
  <testcase name="NC_03" time="1.298" classname="com.bankguru.LogInScript"/>
  <testcase name="NC_04" time="0.593" classname="com.bankguru.LogInScript"/>
  <testcase name="NC_06" time="1.043" classname="com.bankguru.LogInScript"/>
  <testcase name="NC_08" time="0.921" classname="com.bankguru.LogInScript"/>
  <testcase name="NC_09" time="1.022" classname="com.bankguru.LogInScript"/>
  <testcase name="NC_10" time="1.264" classname="com.bankguru.LogInScript"/>
  <testcase name="NC_11" time="0.532" classname="com.bankguru.LogInScript"/>
  <testcase name="NC_12" time="1.015" classname="com.bankguru.LogInScript"/>
  <testcase name="NC_13" time="1.221" classname="com.bankguru.LogInScript"/>
  <testcase name="NC_14" time="0.595" classname="com.bankguru.LogInScript"/>
  <testcase name="NC_15" time="1.029" classname="com.bankguru.LogInScript"/>
  <testcase name="NC_16" time="0.536" classname="com.bankguru.LogInScript"/>
  <testcase name="NC_17" time="1.248" classname="com.bankguru.LogInScript"/>
  <testcase name="NC_18" time="0.526" classname="com.bankguru.LogInScript"/>
  <testcase name="NC_19" time="1.018" classname="com.bankguru.LogInScript"/>
  <testcase name="NC_20" time="1.004" classname="com.bankguru.LogInScript"/>
  <testcase name="NC_21" time="0.567" classname="com.bankguru.LogInScript"/>
  <testcase name="NC_22" time="0.589" classname="com.bankguru.LogInScript"/>
  <testcase name="NC_23" time="1.208" classname="com.bankguru.LogInScript"/>
  <testcase name="NC_26" time="0.489" classname="com.bankguru.LogInScript"/>
  <testcase name="NC_27" time="1.244" classname="com.bankguru.LogInScript"/>
  <testcase name="NC_29" time="0.609" classname="com.bankguru.LogInScript"/>
  <testcase name="NC_30" time="3.052" classname="com.bankguru.LogInScript"/>
  <testcase name="NEC_01" time="1.743" classname="com.bankguru.LogInScript"/>
  <testcase name="NEC_010" time="2.376" classname="com.bankguru.LogInScript"/>
  <testcase name="NEC_011" time="2.746" classname="com.bankguru.LogInScript"/>
  <testcase name="NEC_012" time="2.054" classname="com.bankguru.LogInScript"/>
  <testcase name="NEC_013" time="2.387" classname="com.bankguru.LogInScript"/>
  <testcase name="NEC_014" time="2.379" classname="com.bankguru.LogInScript"/>
  <testcase name="NEC_015" time="2.149" classname="com.bankguru.LogInScript"/>
  <testcase name="NEC_016" time="2.852" classname="com.bankguru.LogInScript"/>
  <testcase name="NEC_017" time="1.817" classname="com.bankguru.LogInScript"/>
  <testcase name="NEC_018" time="2.892" classname="com.bankguru.LogInScript"/>
  <testcase name="NEC_019" time="1.883" classname="com.bankguru.LogInScript"/>
  <testcase name="NEC_02" time="1.205" classname="com.bankguru.LogInScript"/>
  <testcase name="NEC_020" time="2.721" classname="com.bankguru.LogInScript"/>
  <testcase name="NEC_021" time="3.192" classname="com.bankguru.LogInScript"/>
  <testcase name="NEC_022" time="2.137" classname="com.bankguru.LogInScript"/>
  <testcase name="NEC_023" time="2.185" classname="com.bankguru.LogInScript"/>
  <testcase name="NEC_03" time="0.784" classname="com.bankguru.LogInScript"/>
  <testcase name="NEC_04" time="1.161" classname="com.bankguru.LogInScript"/>
  <testcase name="NEC_08" time="2.455" classname="com.bankguru.LogInScript"/>
  <testcase name="NEC_09" time="2.406" classname="com.bankguru.LogInScript"/>
</testsuite> <!-- Test -->
